{"/Volumes/Kali-linux/dissertation2/Healthcare/App.tsx": {"path":"/Volumes/Kali-linux/dissertation2/Healthcare/App.tsx","statementMap":{"0":{"start":{"line":13,"column":14},"end":{"line":13,"column":42}},"1":{"start":{"line":15,"column":22},"end":{"line":35,"column":1}},"2":{"start":{"line":16,"column":2},"end":{"line":34,"column":4}}},"fnMap":{"0":{"name":"(anonymous_0)","decl":{"start":{"line":15,"column":22},"end":{"line":15,"column":23}},"loc":{"start":{"line":15,"column":28},"end":{"line":35,"column":1}},"line":15}},"branchMap":{},"s":{"0":1,"1":1,"2":1},"f":{"0":1},"b":{},"_coverageSchema":"1a1c01bbd47fc00a2c39e90264f33305004495a9","hash":"e067743bb9bf4834515f13374b07c4f051d43417"}
,"/Volumes/Kali-linux/dissertation2/Healthcare/src/context/AuthContext.tsx": {"path":"/Volumes/Kali-linux/dissertation2/Healthcare/src/context/AuthContext.tsx","statementMap":{"0":{"start":{"line":8,"column":20},"end":{"line":11,"column":2}},"1":{"start":{"line":14,"column":36},"end":{"line":14,"column":65}},"2":{"start":{"line":16,"column":2},"end":{"line":20,"column":4}},"3":{"start":{"line":24,"column":2},"end":{"line":24,"column":33}}},"fnMap":{"0":{"name":"(anonymous_0)","decl":{"start":{"line":10,"column":16},"end":{"line":10,"column":17}},"loc":{"start":{"line":10,"column":22},"end":{"line":10,"column":24}},"line":10},"1":{"name":"AuthProvider","decl":{"start":{"line":13,"column":16},"end":{"line":13,"column":28}},"loc":{"start":{"line":13,"column":64},"end":{"line":21,"column":1}},"line":13},"2":{"name":"useAuth","decl":{"start":{"line":23,"column":16},"end":{"line":23,"column":23}},"loc":{"start":{"line":23,"column":26},"end":{"line":25,"column":1}},"line":23}},"branchMap":{},"s":{"0":3,"1":5,"2":5,"3":18},"f":{"0":0,"1":5,"2":18},"b":{},"_coverageSchema":"1a1c01bbd47fc00a2c39e90264f33305004495a9","hash":"f804e7fe7652d61478f5252656a3824200d6e4ef"}
,"/Volumes/Kali-linux/dissertation2/Healthcare/src/screens/DashboardScreen.tsx": {"path":"/Volumes/Kali-linux/dissertation2/Healthcare/src/screens/DashboardScreen.tsx","statementMap":{"0":{"start":{"line":41,"column":17},"end":{"line":41,"column":41}},"1":{"start":{"line":42,"column":16},"end":{"line":42,"column":63}},"2":{"start":{"line":44,"column":56},"end":{"line":228,"column":1}},"3":{"start":{"line":45,"column":44},"end":{"line":45,"column":59}},"4":{"start":{"line":46,"column":36},"end":{"line":46,"column":51}},"5":{"start":{"line":47,"column":24},"end":{"line":47,"column":61}},"6":{"start":{"line":48,"column":34},"end":{"line":50,"column":4}},"7":{"start":{"line":51,"column":36},"end":{"line":51,"column":48}},"8":{"start":{"line":52,"column":24},"end":{"line":52,"column":48}},"9":{"start":{"line":54,"column":21},"end":{"line":63,"column":3}},"10":{"start":{"line":55,"column":20},"end":{"line":55,"column":41}},"11":{"start":{"line":56,"column":4},"end":{"line":56,"column":37}},"12":{"start":{"line":57,"column":4},"end":{"line":62,"column":15}},"13":{"start":{"line":65,"column":20},"end":{"line":72,"column":3}},"14":{"start":{"line":66,"column":4},"end":{"line":71,"column":44}},"15":{"start":{"line":71,"column":19},"end":{"line":71,"column":42}},"16":{"start":{"line":74,"column":25},"end":{"line":77,"column":4}},"17":{"start":{"line":78,"column":22},"end":{"line":81,"column":4}},"18":{"start":{"line":83,"column":23},"end":{"line":92,"column":3}},"19":{"start":{"line":84,"column":4},"end":{"line":91,"column":5}},"20":{"start":{"line":85,"column":6},"end":{"line":85,"column":25}},"21":{"start":{"line":86,"column":6},"end":{"line":86,"column":35}},"22":{"start":{"line":88,"column":6},"end":{"line":88,"column":67}},"23":{"start":{"line":90,"column":6},"end":{"line":90,"column":26}},"24":{"start":{"line":94,"column":24},"end":{"line":97,"column":3}},"25":{"start":{"line":95,"column":4},"end":{"line":95,"column":16}},"26":{"start":{"line":96,"column":4},"end":{"line":96,"column":35}},"27":{"start":{"line":99,"column":28},"end":{"line":132,"column":3}},"28":{"start":{"line":100,"column":4},"end":{"line":103,"column":5}},"29":{"start":{"line":101,"column":6},"end":{"line":101,"column":45}},"30":{"start":{"line":102,"column":6},"end":{"line":102,"column":13}},"31":{"start":{"line":104,"column":33},"end":{"line":104,"column":73}},"32":{"start":{"line":105,"column":4},"end":{"line":111,"column":6}},"33":{"start":{"line":106,"column":6},"end":{"line":110,"column":32}},"34":{"start":{"line":112,"column":4},"end":{"line":112,"column":21}},"35":{"start":{"line":113,"column":4},"end":{"line":113,"column":57}},"36":{"start":{"line":114,"column":4},"end":{"line":131,"column":5}},"37":{"start":{"line":115,"column":23},"end":{"line":119,"column":8}},"38":{"start":{"line":120,"column":6},"end":{"line":122,"column":7}},"39":{"start":{"line":121,"column":8},"end":{"line":121,"column":60}},"40":{"start":{"line":123,"column":19},"end":{"line":123,"column":40}},"41":{"start":{"line":124,"column":37},"end":{"line":124,"column":74}},"42":{"start":{"line":125,"column":6},"end":{"line":125,"column":52}},"43":{"start":{"line":125,"column":26},"end":{"line":125,"column":50}},"44":{"start":{"line":126,"column":6},"end":{"line":128,"column":14}},"45":{"start":{"line":127,"column":8},"end":{"line":127,"column":61}},"46":{"start":{"line":130,"column":6},"end":{"line":130,"column":73}},"47":{"start":{"line":134,"column":2},"end":{"line":227,"column":4}},"48":{"start":{"line":160,"column":18},"end":{"line":160,"column":30}},"49":{"start":{"line":161,"column":18},"end":{"line":161,"column":49}},"50":{"start":{"line":189,"column":12},"end":{"line":201,"column":19}},"51":{"start":{"line":230,"column":15},"end":{"line":323,"column":2}}},"fnMap":{"0":{"name":"(anonymous_0)","decl":{"start":{"line":44,"column":56},"end":{"line":44,"column":57}},"loc":{"start":{"line":44,"column":74},"end":{"line":228,"column":1}},"line":44},"1":{"name":"(anonymous_1)","decl":{"start":{"line":54,"column":21},"end":{"line":54,"column":22}},"loc":{"start":{"line":54,"column":27},"end":{"line":63,"column":3}},"line":54},"2":{"name":"(anonymous_2)","decl":{"start":{"line":65,"column":20},"end":{"line":65,"column":21}},"loc":{"start":{"line":65,"column":26},"end":{"line":72,"column":3}},"line":65},"3":{"name":"(anonymous_3)","decl":{"start":{"line":71,"column":13},"end":{"line":71,"column":14}},"loc":{"start":{"line":71,"column":19},"end":{"line":71,"column":42}},"line":71},"4":{"name":"(anonymous_4)","decl":{"start":{"line":83,"column":23},"end":{"line":83,"column":24}},"loc":{"start":{"line":83,"column":35},"end":{"line":92,"column":3}},"line":83},"5":{"name":"(anonymous_5)","decl":{"start":{"line":94,"column":24},"end":{"line":94,"column":25}},"loc":{"start":{"line":94,"column":30},"end":{"line":97,"column":3}},"line":94},"6":{"name":"(anonymous_6)","decl":{"start":{"line":99,"column":28},"end":{"line":99,"column":29}},"loc":{"start":{"line":99,"column":40},"end":{"line":132,"column":3}},"line":99},"7":{"name":"(anonymous_7)","decl":{"start":{"line":105,"column":16},"end":{"line":105,"column":17}},"loc":{"start":{"line":106,"column":6},"end":{"line":110,"column":32}},"line":106},"8":{"name":"(anonymous_8)","decl":{"start":{"line":125,"column":18},"end":{"line":125,"column":19}},"loc":{"start":{"line":125,"column":26},"end":{"line":125,"column":50}},"line":125},"9":{"name":"(anonymous_9)","decl":{"start":{"line":126,"column":17},"end":{"line":126,"column":18}},"loc":{"start":{"line":126,"column":23},"end":{"line":128,"column":7}},"line":126},"10":{"name":"(anonymous_10)","decl":{"start":{"line":159,"column":25},"end":{"line":159,"column":26}},"loc":{"start":{"line":159,"column":31},"end":{"line":162,"column":17}},"line":159},"11":{"name":"(anonymous_11)","decl":{"start":{"line":188,"column":24},"end":{"line":188,"column":25}},"loc":{"start":{"line":189,"column":12},"end":{"line":201,"column":19}},"line":189}},"branchMap":{"0":{"loc":{"start":{"line":55,"column":20},"end":{"line":55,"column":41}},"type":"cond-expr","locations":[{"start":{"line":55,"column":36},"end":{"line":55,"column":37}},{"start":{"line":55,"column":40},"end":{"line":55,"column":41}}],"line":55},"1":{"loc":{"start":{"line":100,"column":4},"end":{"line":103,"column":5}},"type":"if","locations":[{"start":{"line":100,"column":4},"end":{"line":103,"column":5}},{"start":{},"end":{}}],"line":100},"2":{"loc":{"start":{"line":106,"column":6},"end":{"line":110,"column":32}},"type":"cond-expr","locations":[{"start":{"line":109,"column":10},"end":{"line":109,"column":23}},{"start":{"line":110,"column":10},"end":{"line":110,"column":32}}],"line":106},"3":{"loc":{"start":{"line":106,"column":6},"end":{"line":108,"column":51}},"type":"binary-expr","locations":[{"start":{"line":106,"column":6},"end":{"line":106,"column":23}},{"start":{"line":107,"column":6},"end":{"line":107,"column":33}},{"start":{"line":108,"column":6},"end":{"line":108,"column":51}}],"line":106},"4":{"loc":{"start":{"line":120,"column":6},"end":{"line":122,"column":7}},"type":"if","locations":[{"start":{"line":120,"column":6},"end":{"line":122,"column":7}},{"start":{},"end":{}}],"line":120},"5":{"loc":{"start":{"line":151,"column":16},"end":{"line":151,"column":78}},"type":"cond-expr","locations":[{"start":{"line":151,"column":32},"end":{"line":151,"column":54}},{"start":{"line":151,"column":57},"end":{"line":151,"column":78}}],"line":151},"6":{"loc":{"start":{"line":176,"column":19},"end":{"line":176,"column":59}},"type":"cond-expr","locations":[{"start":{"line":176,"column":31},"end":{"line":176,"column":47}},{"start":{"line":176,"column":50},"end":{"line":176,"column":59}}],"line":176},"7":{"loc":{"start":{"line":193,"column":16},"end":{"line":193,"column":79}},"type":"cond-expr","locations":[{"start":{"line":193,"column":40},"end":{"line":193,"column":57}},{"start":{"line":193,"column":60},"end":{"line":193,"column":79}}],"line":193},"8":{"loc":{"start":{"line":197,"column":18},"end":{"line":197,"column":77}},"type":"cond-expr","locations":[{"start":{"line":197,"column":42},"end":{"line":197,"column":57}},{"start":{"line":197,"column":60},"end":{"line":197,"column":77}}],"line":197},"9":{"loc":{"start":{"line":234,"column":16},"end":{"line":234,"column":46}},"type":"cond-expr","locations":[{"start":{"line":234,"column":40},"end":{"line":234,"column":41}},{"start":{"line":234,"column":44},"end":{"line":234,"column":46}}],"line":234},"10":{"loc":{"start":{"line":254,"column":9},"end":{"line":254,"column":40}},"type":"cond-expr","locations":[{"start":{"line":254,"column":33},"end":{"line":254,"column":35}},{"start":{"line":254,"column":38},"end":{"line":254,"column":40}}],"line":254},"11":{"loc":{"start":{"line":292,"column":19},"end":{"line":292,"column":50}},"type":"cond-expr","locations":[{"start":{"line":292,"column":43},"end":{"line":292,"column":45}},{"start":{"line":292,"column":48},"end":{"line":292,"column":50}}],"line":292}},"s":{"0":2,"1":2,"2":2,"3":5,"4":5,"5":5,"6":5,"7":5,"8":5,"9":5,"10":0,"11":0,"12":0,"13":5,"14":0,"15":0,"16":5,"17":5,"18":5,"19":0,"20":0,"21":0,"22":0,"23":0,"24":5,"25":0,"26":0,"27":5,"28":2,"29":1,"30":1,"31":1,"32":1,"33":1,"34":1,"35":1,"36":1,"37":1,"38":1,"39":0,"40":1,"41":1,"42":1,"43":0,"44":1,"45":1,"46":0,"47":5,"48":0,"49":0,"50":5,"51":2},"f":{"0":5,"1":0,"2":0,"3":0,"4":0,"5":0,"6":2,"7":1,"8":0,"9":1,"10":0,"11":5},"b":{"0":[0,0],"1":[1,1],"2":[1,0],"3":[1,1,1],"4":[0,1],"5":[0,5],"6":[0,5],"7":[1,4],"8":[1,4],"9":[2,0],"10":[2,0],"11":[2,0]},"_coverageSchema":"1a1c01bbd47fc00a2c39e90264f33305004495a9","hash":"39a683b2ae1e7269d8533db357ec7b90ce3135bb"}
,"/Volumes/Kali-linux/dissertation2/Healthcare/src/screens/HistoryScreen.tsx": {"path":"/Volumes/Kali-linux/dissertation2/Healthcare/src/screens/HistoryScreen.tsx","statementMap":{"0":{"start":{"line":36,"column":16},"end":{"line":36,"column":40}},"1":{"start":{"line":38,"column":52},"end":{"line":130,"column":1}},"2":{"start":{"line":39,"column":28},"end":{"line":39,"column":48}},"3":{"start":{"line":40,"column":36},"end":{"line":40,"column":51}},"4":{"start":{"line":42,"column":21},"end":{"line":56,"column":8}},"5":{"start":{"line":43,"column":4},"end":{"line":43,"column":23}},"6":{"start":{"line":44,"column":4},"end":{"line":55,"column":5}},"7":{"start":{"line":45,"column":23},"end":{"line":45,"column":65}},"8":{"start":{"line":46,"column":6},"end":{"line":48,"column":7}},"9":{"start":{"line":47,"column":8},"end":{"line":47,"column":49}},"10":{"start":{"line":49,"column":19},"end":{"line":49,"column":40}},"11":{"start":{"line":50,"column":6},"end":{"line":50,"column":21}},"12":{"start":{"line":52,"column":6},"end":{"line":52,"column":42}},"13":{"start":{"line":54,"column":6},"end":{"line":54,"column":26}},"14":{"start":{"line":58,"column":2},"end":{"line":60,"column":19}},"15":{"start":{"line":59,"column":4},"end":{"line":59,"column":17}},"16":{"start":{"line":62,"column":27},"end":{"line":74,"column":3}},"17":{"start":{"line":63,"column":4},"end":{"line":73,"column":5}},"18":{"start":{"line":64,"column":23},"end":{"line":66,"column":8}},"19":{"start":{"line":67,"column":6},"end":{"line":69,"column":7}},"20":{"start":{"line":68,"column":8},"end":{"line":68,"column":49}},"21":{"start":{"line":70,"column":6},"end":{"line":70,"column":19}},"22":{"start":{"line":72,"column":6},"end":{"line":72,"column":42}},"23":{"start":{"line":76,"column":27},"end":{"line":90,"column":3}},"24":{"start":{"line":77,"column":4},"end":{"line":89,"column":5}},"25":{"start":{"line":78,"column":23},"end":{"line":82,"column":8}},"26":{"start":{"line":83,"column":6},"end":{"line":85,"column":7}},"27":{"start":{"line":84,"column":8},"end":{"line":84,"column":49}},"28":{"start":{"line":86,"column":6},"end":{"line":86,"column":19}},"29":{"start":{"line":88,"column":6},"end":{"line":88,"column":42}},"30":{"start":{"line":92,"column":2},"end":{"line":129,"column":4}},"31":{"start":{"line":97,"column":25},"end":{"line":97,"column":44}},"32":{"start":{"line":110,"column":12},"end":{"line":124,"column":19}},"33":{"start":{"line":115,"column":33},"end":{"line":115,"column":71}},"34":{"start":{"line":118,"column":49},"end":{"line":118,"column":74}},"35":{"start":{"line":132,"column":15},"end":{"line":161,"column":2}}},"fnMap":{"0":{"name":"(anonymous_0)","decl":{"start":{"line":38,"column":52},"end":{"line":38,"column":53}},"loc":{"start":{"line":38,"column":70},"end":{"line":130,"column":1}},"line":38},"1":{"name":"(anonymous_1)","decl":{"start":{"line":42,"column":33},"end":{"line":42,"column":34}},"loc":{"start":{"line":42,"column":45},"end":{"line":56,"column":3}},"line":42},"2":{"name":"(anonymous_2)","decl":{"start":{"line":58,"column":12},"end":{"line":58,"column":13}},"loc":{"start":{"line":58,"column":18},"end":{"line":60,"column":3}},"line":58},"3":{"name":"(anonymous_3)","decl":{"start":{"line":62,"column":27},"end":{"line":62,"column":28}},"loc":{"start":{"line":62,"column":53},"end":{"line":74,"column":3}},"line":62},"4":{"name":"(anonymous_4)","decl":{"start":{"line":76,"column":27},"end":{"line":76,"column":28}},"loc":{"start":{"line":76,"column":71},"end":{"line":90,"column":3}},"line":76},"5":{"name":"(anonymous_5)","decl":{"start":{"line":97,"column":19},"end":{"line":97,"column":20}},"loc":{"start":{"line":97,"column":25},"end":{"line":97,"column":44}},"line":97},"6":{"name":"(anonymous_6)","decl":{"start":{"line":109,"column":21},"end":{"line":109,"column":22}},"loc":{"start":{"line":110,"column":12},"end":{"line":124,"column":19}},"line":110},"7":{"name":"(anonymous_7)","decl":{"start":{"line":115,"column":27},"end":{"line":115,"column":28}},"loc":{"start":{"line":115,"column":33},"end":{"line":115,"column":71}},"line":115},"8":{"name":"(anonymous_8)","decl":{"start":{"line":118,"column":43},"end":{"line":118,"column":44}},"loc":{"start":{"line":118,"column":49},"end":{"line":118,"column":74}},"line":118}},"branchMap":{"0":{"loc":{"start":{"line":46,"column":6},"end":{"line":48,"column":7}},"type":"if","locations":[{"start":{"line":46,"column":6},"end":{"line":48,"column":7}},{"start":{},"end":{}}],"line":46},"1":{"loc":{"start":{"line":67,"column":6},"end":{"line":69,"column":7}},"type":"if","locations":[{"start":{"line":67,"column":6},"end":{"line":69,"column":7}},{"start":{},"end":{}}],"line":67},"2":{"loc":{"start":{"line":83,"column":6},"end":{"line":85,"column":7}},"type":"if","locations":[{"start":{"line":83,"column":6},"end":{"line":85,"column":7}},{"start":{},"end":{}}],"line":83},"3":{"loc":{"start":{"line":105,"column":7},"end":{"line":127,"column":7}},"type":"cond-expr","locations":[{"start":{"line":106,"column":8},"end":{"line":106,"column":58}},{"start":{"line":108,"column":8},"end":{"line":126,"column":21}}],"line":105},"4":{"loc":{"start":{"line":139,"column":16},"end":{"line":139,"column":46}},"type":"cond-expr","locations":[{"start":{"line":139,"column":40},"end":{"line":139,"column":41}},{"start":{"line":139,"column":44},"end":{"line":139,"column":46}}],"line":139}},"s":{"0":2,"1":2,"2":4,"3":4,"4":4,"5":2,"6":2,"7":2,"8":2,"9":0,"10":2,"11":2,"12":0,"13":2,"14":4,"15":2,"16":4,"17":0,"18":0,"19":0,"20":0,"21":0,"22":0,"23":4,"24":0,"25":0,"26":0,"27":0,"28":0,"29":0,"30":4,"31":0,"32":0,"33":0,"34":0,"35":2},"f":{"0":4,"1":2,"2":2,"3":0,"4":0,"5":0,"6":0,"7":0,"8":0},"b":{"0":[0,2],"1":[0,0],"2":[0,0],"3":[2,2],"4":[2,0]},"_coverageSchema":"1a1c01bbd47fc00a2c39e90264f33305004495a9","hash":"2e118284177a0077d8b07d33784872c8eef645d7"}
,"/Volumes/Kali-linux/dissertation2/Healthcare/src/screens/IntroScreen.tsx": {"path":"/Volumes/Kali-linux/dissertation2/Healthcare/src/screens/IntroScreen.tsx","statementMap":{"0":{"start":{"line":26,"column":24},"end":{"line":26,"column":48}},"1":{"start":{"line":28,"column":48},"end":{"line":87,"column":1}},"2":{"start":{"line":29,"column":19},"end":{"line":29,"column":56}},"3":{"start":{"line":30,"column":20},"end":{"line":30,"column":59}},"4":{"start":{"line":31,"column":19},"end":{"line":31,"column":56}},"5":{"start":{"line":33,"column":2},"end":{"line":63,"column":50}},"6":{"start":{"line":34,"column":4},"end":{"line":62,"column":7}},"7":{"start":{"line":61,"column":6},"end":{"line":61,"column":35}},"8":{"start":{"line":65,"column":2},"end":{"line":86,"column":4}},"9":{"start":{"line":89,"column":15},"end":{"line":109,"column":2}}},"fnMap":{"0":{"name":"(anonymous_0)","decl":{"start":{"line":28,"column":48},"end":{"line":28,"column":49}},"loc":{"start":{"line":28,"column":66},"end":{"line":87,"column":1}},"line":28},"1":{"name":"(anonymous_1)","decl":{"start":{"line":33,"column":12},"end":{"line":33,"column":13}},"loc":{"start":{"line":33,"column":18},"end":{"line":63,"column":3}},"line":33},"2":{"name":"(anonymous_2)","decl":{"start":{"line":60,"column":13},"end":{"line":60,"column":14}},"loc":{"start":{"line":60,"column":19},"end":{"line":62,"column":5}},"line":60}},"branchMap":{},"s":{"0":2,"1":2,"2":2,"3":2,"4":2,"5":2,"6":1,"7":1,"8":2,"9":2},"f":{"0":2,"1":1,"2":1},"b":{},"_coverageSchema":"1a1c01bbd47fc00a2c39e90264f33305004495a9","hash":"effcad9cbf5e3f254ffb7d57c428c6954875ec88"}
,"/Volumes/Kali-linux/dissertation2/Healthcare/src/screens/ProfileScreen.tsx": {"path":"/Volumes/Kali-linux/dissertation2/Healthcare/src/screens/ProfileScreen.tsx","statementMap":{"0":{"start":{"line":41,"column":16},"end":{"line":41,"column":40}},"1":{"start":{"line":43,"column":52},"end":{"line":244,"column":1}},"2":{"start":{"line":44,"column":22},"end":{"line":44,"column":31}},"3":{"start":{"line":45,"column":36},"end":{"line":45,"column":51}},"4":{"start":{"line":46,"column":40},"end":{"line":46,"column":74}},"5":{"start":{"line":47,"column":44},"end":{"line":47,"column":78}},"6":{"start":{"line":48,"column":36},"end":{"line":48,"column":51}},"7":{"start":{"line":50,"column":27},"end":{"line":70,"column":3}},"8":{"start":{"line":51,"column":4},"end":{"line":54,"column":5}},"9":{"start":{"line":52,"column":6},"end":{"line":52,"column":67}},"10":{"start":{"line":53,"column":6},"end":{"line":53,"column":13}},"11":{"start":{"line":55,"column":4},"end":{"line":55,"column":23}},"12":{"start":{"line":56,"column":4},"end":{"line":69,"column":5}},"13":{"start":{"line":57,"column":23},"end":{"line":57,"column":78}},"14":{"start":{"line":58,"column":6},"end":{"line":61,"column":7}},"15":{"start":{"line":59,"column":24},"end":{"line":59,"column":45}},"16":{"start":{"line":60,"column":8},"end":{"line":60,"column":66}},"17":{"start":{"line":62,"column":19},"end":{"line":62,"column":40}},"18":{"start":{"line":63,"column":6},"end":{"line":63,"column":27}},"19":{"start":{"line":64,"column":6},"end":{"line":64,"column":29}},"20":{"start":{"line":66,"column":6},"end":{"line":66,"column":42}},"21":{"start":{"line":68,"column":6},"end":{"line":68,"column":26}},"22":{"start":{"line":72,"column":2},"end":{"line":75,"column":9}},"23":{"start":{"line":73,"column":4},"end":{"line":73,"column":23}},"24":{"start":{"line":77,"column":21},"end":{"line":98,"column":3}},"25":{"start":{"line":78,"column":4},"end":{"line":97,"column":5}},"26":{"start":{"line":79,"column":6},"end":{"line":94,"column":8}},"27":{"start":{"line":88,"column":14},"end":{"line":88,"column":34}},"28":{"start":{"line":89,"column":14},"end":{"line":89,"column":44}},"29":{"start":{"line":90,"column":14},"end":{"line":90,"column":34}},"30":{"start":{"line":96,"column":6},"end":{"line":96,"column":26}},"31":{"start":{"line":100,"column":21},"end":{"line":102,"column":3}},"32":{"start":{"line":101,"column":4},"end":{"line":101,"column":23}},"33":{"start":{"line":104,"column":21},"end":{"line":133,"column":3}},"34":{"start":{"line":105,"column":4},"end":{"line":107,"column":5}},"35":{"start":{"line":106,"column":6},"end":{"line":106,"column":13}},"36":{"start":{"line":108,"column":4},"end":{"line":108,"column":23}},"37":{"start":{"line":109,"column":4},"end":{"line":132,"column":5}},"38":{"start":{"line":110,"column":23},"end":{"line":120,"column":8}},"39":{"start":{"line":121,"column":6},"end":{"line":124,"column":7}},"40":{"start":{"line":122,"column":24},"end":{"line":122,"column":45}},"41":{"start":{"line":123,"column":8},"end":{"line":123,"column":70}},"42":{"start":{"line":125,"column":6},"end":{"line":125,"column":31}},"43":{"start":{"line":126,"column":6},"end":{"line":126,"column":26}},"44":{"start":{"line":127,"column":6},"end":{"line":127,"column":62}},"45":{"start":{"line":129,"column":6},"end":{"line":129,"column":42}},"46":{"start":{"line":131,"column":6},"end":{"line":131,"column":26}},"47":{"start":{"line":135,"column":24},"end":{"line":138,"column":3}},"48":{"start":{"line":136,"column":4},"end":{"line":136,"column":34}},"49":{"start":{"line":137,"column":4},"end":{"line":137,"column":24}},"50":{"start":{"line":140,"column":22},"end":{"line":161,"column":3}},"51":{"start":{"line":146,"column":4},"end":{"line":160,"column":6}},"52":{"start":{"line":163,"column":2},"end":{"line":171,"column":3}},"53":{"start":{"line":164,"column":4},"end":{"line":170,"column":6}},"54":{"start":{"line":173,"column":2},"end":{"line":243,"column":4}},"55":{"start":{"line":193,"column":19},"end":{"line":193,"column":72}},"56":{"start":{"line":199,"column":19},"end":{"line":199,"column":71}},"57":{"start":{"line":205,"column":19},"end":{"line":205,"column":65}},"58":{"start":{"line":211,"column":19},"end":{"line":211,"column":68}},"59":{"start":{"line":217,"column":19},"end":{"line":217,"column":68}},"60":{"start":{"line":246,"column":15},"end":{"line":298,"column":2}}},"fnMap":{"0":{"name":"(anonymous_0)","decl":{"start":{"line":43,"column":52},"end":{"line":43,"column":53}},"loc":{"start":{"line":43,"column":70},"end":{"line":244,"column":1}},"line":43},"1":{"name":"(anonymous_1)","decl":{"start":{"line":50,"column":27},"end":{"line":50,"column":28}},"loc":{"start":{"line":50,"column":39},"end":{"line":70,"column":3}},"line":50},"2":{"name":"(anonymous_2)","decl":{"start":{"line":72,"column":12},"end":{"line":72,"column":13}},"loc":{"start":{"line":72,"column":18},"end":{"line":75,"column":3}},"line":72},"3":{"name":"(anonymous_3)","decl":{"start":{"line":77,"column":21},"end":{"line":77,"column":22}},"loc":{"start":{"line":77,"column":27},"end":{"line":98,"column":3}},"line":77},"4":{"name":"(anonymous_4)","decl":{"start":{"line":87,"column":21},"end":{"line":87,"column":22}},"loc":{"start":{"line":87,"column":27},"end":{"line":91,"column":13}},"line":87},"5":{"name":"(anonymous_5)","decl":{"start":{"line":100,"column":21},"end":{"line":100,"column":22}},"loc":{"start":{"line":100,"column":27},"end":{"line":102,"column":3}},"line":100},"6":{"name":"(anonymous_6)","decl":{"start":{"line":104,"column":21},"end":{"line":104,"column":22}},"loc":{"start":{"line":104,"column":33},"end":{"line":133,"column":3}},"line":104},"7":{"name":"(anonymous_7)","decl":{"start":{"line":135,"column":24},"end":{"line":135,"column":25}},"loc":{"start":{"line":135,"column":30},"end":{"line":138,"column":3}},"line":135},"8":{"name":"(anonymous_8)","decl":{"start":{"line":140,"column":22},"end":{"line":140,"column":23}},"loc":{"start":{"line":145,"column":7},"end":{"line":161,"column":3}},"line":145},"9":{"name":"(anonymous_9)","decl":{"start":{"line":189,"column":53},"end":{"line":189,"column":54}},"loc":{"start":{"line":189,"column":59},"end":{"line":189,"column":61}},"line":189},"10":{"name":"(anonymous_10)","decl":{"start":{"line":193,"column":12},"end":{"line":193,"column":13}},"loc":{"start":{"line":193,"column":19},"end":{"line":193,"column":72}},"line":193},"11":{"name":"(anonymous_11)","decl":{"start":{"line":199,"column":12},"end":{"line":199,"column":13}},"loc":{"start":{"line":199,"column":19},"end":{"line":199,"column":71}},"line":199},"12":{"name":"(anonymous_12)","decl":{"start":{"line":205,"column":12},"end":{"line":205,"column":13}},"loc":{"start":{"line":205,"column":19},"end":{"line":205,"column":65}},"line":205},"13":{"name":"(anonymous_13)","decl":{"start":{"line":211,"column":12},"end":{"line":211,"column":13}},"loc":{"start":{"line":211,"column":19},"end":{"line":211,"column":68}},"line":211},"14":{"name":"(anonymous_14)","decl":{"start":{"line":217,"column":12},"end":{"line":217,"column":13}},"loc":{"start":{"line":217,"column":19},"end":{"line":217,"column":68}},"line":217}},"branchMap":{"0":{"loc":{"start":{"line":51,"column":4},"end":{"line":54,"column":5}},"type":"if","locations":[{"start":{"line":51,"column":4},"end":{"line":54,"column":5}},{"start":{},"end":{}}],"line":51},"1":{"loc":{"start":{"line":58,"column":6},"end":{"line":61,"column":7}},"type":"if","locations":[{"start":{"line":58,"column":6},"end":{"line":61,"column":7}},{"start":{},"end":{}}],"line":58},"2":{"loc":{"start":{"line":60,"column":24},"end":{"line":60,"column":64}},"type":"binary-expr","locations":[{"start":{"line":60,"column":24},"end":{"line":60,"column":38}},{"start":{"line":60,"column":42},"end":{"line":60,"column":64}}],"line":60},"3":{"loc":{"start":{"line":78,"column":4},"end":{"line":97,"column":5}},"type":"if","locations":[{"start":{"line":78,"column":4},"end":{"line":97,"column":5}},{"start":{"line":95,"column":11},"end":{"line":97,"column":5}}],"line":78},"4":{"loc":{"start":{"line":105,"column":4},"end":{"line":107,"column":5}},"type":"if","locations":[{"start":{"line":105,"column":4},"end":{"line":107,"column":5}},{"start":{},"end":{}}],"line":105},"5":{"loc":{"start":{"line":105,"column":8},"end":{"line":105,"column":36}},"type":"binary-expr","locations":[{"start":{"line":105,"column":8},"end":{"line":105,"column":22}},{"start":{"line":105,"column":26},"end":{"line":105,"column":36}}],"line":105},"6":{"loc":{"start":{"line":114,"column":22},"end":{"line":114,"column":52}},"type":"binary-expr","locations":[{"start":{"line":114,"column":22},"end":{"line":114,"column":46}},{"start":{"line":114,"column":50},"end":{"line":114,"column":52}}],"line":114},"7":{"loc":{"start":{"line":115,"column":21},"end":{"line":115,"column":50}},"type":"binary-expr","locations":[{"start":{"line":115,"column":21},"end":{"line":115,"column":44}},{"start":{"line":115,"column":48},"end":{"line":115,"column":50}}],"line":115},"8":{"loc":{"start":{"line":116,"column":15},"end":{"line":116,"column":38}},"type":"binary-expr","locations":[{"start":{"line":116,"column":15},"end":{"line":116,"column":32}},{"start":{"line":116,"column":36},"end":{"line":116,"column":38}}],"line":116},"9":{"loc":{"start":{"line":117,"column":18},"end":{"line":117,"column":44}},"type":"binary-expr","locations":[{"start":{"line":117,"column":18},"end":{"line":117,"column":38}},{"start":{"line":117,"column":42},"end":{"line":117,"column":44}}],"line":117},"10":{"loc":{"start":{"line":118,"column":18},"end":{"line":118,"column":44}},"type":"binary-expr","locations":[{"start":{"line":118,"column":18},"end":{"line":118,"column":38}},{"start":{"line":118,"column":42},"end":{"line":118,"column":44}}],"line":118},"11":{"loc":{"start":{"line":121,"column":6},"end":{"line":124,"column":7}},"type":"if","locations":[{"start":{"line":121,"column":6},"end":{"line":124,"column":7}},{"start":{},"end":{}}],"line":121},"12":{"loc":{"start":{"line":123,"column":24},"end":{"line":123,"column":68}},"type":"binary-expr","locations":[{"start":{"line":123,"column":24},"end":{"line":123,"column":38}},{"start":{"line":123,"column":42},"end":{"line":123,"column":68}}],"line":123},"13":{"loc":{"start":{"line":149,"column":9},"end":{"line":158,"column":9}},"type":"cond-expr","locations":[{"start":{"line":150,"column":10},"end":{"line":155,"column":12}},{"start":{"line":157,"column":10},"end":{"line":157,"column":64}}],"line":149},"14":{"loc":{"start":{"line":152,"column":19},"end":{"line":152,"column":30}},"type":"binary-expr","locations":[{"start":{"line":152,"column":19},"end":{"line":152,"column":24}},{"start":{"line":152,"column":28},"end":{"line":152,"column":30}}],"line":152},"15":{"loc":{"start":{"line":157,"column":42},"end":{"line":157,"column":56}},"type":"binary-expr","locations":[{"start":{"line":157,"column":42},"end":{"line":157,"column":47}},{"start":{"line":157,"column":51},"end":{"line":157,"column":56}}],"line":157},"16":{"loc":{"start":{"line":163,"column":2},"end":{"line":171,"column":3}},"type":"if","locations":[{"start":{"line":163,"column":2},"end":{"line":171,"column":3}},{"start":{},"end":{}}],"line":163},"17":{"loc":{"start":{"line":163,"column":6},"end":{"line":163,"column":36}},"type":"binary-expr","locations":[{"start":{"line":163,"column":6},"end":{"line":163,"column":18}},{"start":{"line":163,"column":22},"end":{"line":163,"column":36}}],"line":163},"18":{"loc":{"start":{"line":167,"column":11},"end":{"line":167,"column":59}},"type":"cond-expr","locations":[{"start":{"line":167,"column":23},"end":{"line":167,"column":35}},{"start":{"line":167,"column":38},"end":{"line":167,"column":59}}],"line":167},"19":{"loc":{"start":{"line":180,"column":9},"end":{"line":184,"column":9}},"type":"binary-expr","locations":[{"start":{"line":180,"column":9},"end":{"line":180,"column":19}},{"start":{"line":181,"column":10},"end":{"line":183,"column":29}}],"line":180},"20":{"loc":{"start":{"line":185,"column":9},"end":{"line":185,"column":56}},"type":"binary-expr","locations":[{"start":{"line":185,"column":9},"end":{"line":185,"column":18}},{"start":{"line":185,"column":22},"end":{"line":185,"column":56}}],"line":185},"21":{"loc":{"start":{"line":221,"column":9},"end":{"line":240,"column":9}},"type":"binary-expr","locations":[{"start":{"line":221,"column":9},"end":{"line":221,"column":18}},{"start":{"line":222,"column":10},"end":{"line":239,"column":17}}],"line":221},"22":{"loc":{"start":{"line":227,"column":15},"end":{"line":231,"column":15}},"type":"cond-expr","locations":[{"start":{"line":228,"column":16},"end":{"line":228,"column":66}},{"start":{"line":230,"column":16},"end":{"line":230,"column":63}}],"line":227},"23":{"loc":{"start":{"line":253,"column":16},"end":{"line":253,"column":46}},"type":"cond-expr","locations":[{"start":{"line":253,"column":40},"end":{"line":253,"column":41}},{"start":{"line":253,"column":44},"end":{"line":253,"column":46}}],"line":253}},"s":{"0":2,"1":2,"2":4,"3":4,"4":4,"5":4,"6":4,"7":4,"8":2,"9":0,"10":0,"11":2,"12":2,"13":2,"14":2,"15":1,"16":1,"17":1,"18":1,"19":1,"20":1,"21":2,"22":4,"23":2,"24":4,"25":0,"26":0,"27":0,"28":0,"29":0,"30":0,"31":4,"32":0,"33":4,"34":0,"35":0,"36":0,"37":0,"38":0,"39":0,"40":0,"41":0,"42":0,"43":0,"44":0,"45":0,"46":0,"47":4,"48":0,"49":0,"50":4,"51":0,"52":4,"53":4,"54":0,"55":0,"56":0,"57":0,"58":0,"59":0,"60":2},"f":{"0":4,"1":2,"2":2,"3":0,"4":0,"5":0,"6":0,"7":0,"8":0,"9":0,"10":0,"11":0,"12":0,"13":0,"14":0},"b":{"0":[0,2],"1":[1,1],"2":[1,0],"3":[0,0],"4":[0,0],"5":[0,0],"6":[0,0],"7":[0,0],"8":[0,0],"9":[0,0],"10":[0,0],"11":[0,0],"12":[0,0],"13":[0,0],"14":[0,0],"15":[0,0],"16":[4,0],"17":[4,0],"18":[2,2],"19":[0,0],"20":[0,0],"21":[0,0],"22":[0,0],"23":[2,0]},"_coverageSchema":"1a1c01bbd47fc00a2c39e90264f33305004495a9","hash":"f5b9b36210fd7467b212156832544c4fbad42d3a"}
,"/Volumes/Kali-linux/dissertation2/Healthcare/src/screens/SignInScreen.tsx": {"path":"/Volumes/Kali-linux/dissertation2/Healthcare/src/screens/SignInScreen.tsx","statementMap":{"0":{"start":{"line":33,"column":24},"end":{"line":33,"column":48}},"1":{"start":{"line":35,"column":50},"end":{"line":137,"column":1}},"2":{"start":{"line":36,"column":25},"end":{"line":36,"column":34}},"3":{"start":{"line":37,"column":28},"end":{"line":37,"column":40}},"4":{"start":{"line":38,"column":34},"end":{"line":38,"column":46}},"5":{"start":{"line":39,"column":28},"end":{"line":39,"column":40}},"6":{"start":{"line":40,"column":36},"end":{"line":40,"column":51}},"7":{"start":{"line":42,"column":23},"end":{"line":71,"column":3}},"8":{"start":{"line":43,"column":4},"end":{"line":46,"column":5}},"9":{"start":{"line":44,"column":6},"end":{"line":44,"column":55}},"10":{"start":{"line":45,"column":6},"end":{"line":45,"column":13}},"11":{"start":{"line":48,"column":4},"end":{"line":48,"column":23}},"12":{"start":{"line":49,"column":4},"end":{"line":49,"column":17}},"13":{"start":{"line":51,"column":4},"end":{"line":70,"column":5}},"14":{"start":{"line":52,"column":23},"end":{"line":56,"column":8}},"15":{"start":{"line":58,"column":6},"end":{"line":65,"column":7}},"16":{"start":{"line":59,"column":21},"end":{"line":59,"column":42}},"17":{"start":{"line":60,"column":8},"end":{"line":60,"column":50}},"18":{"start":{"line":63,"column":8},"end":{"line":63,"column":28}},"19":{"start":{"line":64,"column":8},"end":{"line":64,"column":40}},"20":{"start":{"line":67,"column":6},"end":{"line":67,"column":47}},"21":{"start":{"line":69,"column":6},"end":{"line":69,"column":26}},"22":{"start":{"line":73,"column":23},"end":{"line":75,"column":3}},"23":{"start":{"line":74,"column":4},"end":{"line":74,"column":34}},"24":{"start":{"line":77,"column":2},"end":{"line":136,"column":4}},"25":{"start":{"line":139,"column":15},"end":{"line":196,"column":2}}},"fnMap":{"0":{"name":"(anonymous_0)","decl":{"start":{"line":35,"column":50},"end":{"line":35,"column":51}},"loc":{"start":{"line":35,"column":68},"end":{"line":137,"column":1}},"line":35},"1":{"name":"(anonymous_1)","decl":{"start":{"line":42,"column":23},"end":{"line":42,"column":24}},"loc":{"start":{"line":42,"column":35},"end":{"line":71,"column":3}},"line":42},"2":{"name":"(anonymous_2)","decl":{"start":{"line":73,"column":23},"end":{"line":73,"column":24}},"loc":{"start":{"line":73,"column":29},"end":{"line":75,"column":3}},"line":73}},"branchMap":{"0":{"loc":{"start":{"line":43,"column":4},"end":{"line":46,"column":5}},"type":"if","locations":[{"start":{"line":43,"column":4},"end":{"line":46,"column":5}},{"start":{},"end":{}}],"line":43},"1":{"loc":{"start":{"line":43,"column":8},"end":{"line":43,"column":27}},"type":"binary-expr","locations":[{"start":{"line":43,"column":8},"end":{"line":43,"column":14}},{"start":{"line":43,"column":18},"end":{"line":43,"column":27}}],"line":43},"2":{"loc":{"start":{"line":58,"column":6},"end":{"line":65,"column":7}},"type":"if","locations":[{"start":{"line":58,"column":6},"end":{"line":65,"column":7}},{"start":{"line":61,"column":13},"end":{"line":65,"column":7}}],"line":58},"3":{"loc":{"start":{"line":60,"column":17},"end":{"line":60,"column":48}},"type":"binary-expr","locations":[{"start":{"line":60,"column":17},"end":{"line":60,"column":28}},{"start":{"line":60,"column":32},"end":{"line":60,"column":48}}],"line":60},"4":{"loc":{"start":{"line":80,"column":18},"end":{"line":80,"column":62}},"type":"cond-expr","locations":[{"start":{"line":80,"column":42},"end":{"line":80,"column":51}},{"start":{"line":80,"column":54},"end":{"line":80,"column":62}}],"line":80},"5":{"loc":{"start":{"line":113,"column":13},"end":{"line":113,"column":73}},"type":"cond-expr","locations":[{"start":{"line":113,"column":21},"end":{"line":113,"column":66}},{"start":{"line":113,"column":69},"end":{"line":113,"column":73}}],"line":113},"6":{"loc":{"start":{"line":116,"column":43},"end":{"line":116,"column":77}},"type":"binary-expr","locations":[{"start":{"line":116,"column":43},"end":{"line":116,"column":52}},{"start":{"line":116,"column":56},"end":{"line":116,"column":77}}],"line":116},"7":{"loc":{"start":{"line":119,"column":15},"end":{"line":123,"column":15}},"type":"cond-expr","locations":[{"start":{"line":120,"column":16},"end":{"line":120,"column":53}},{"start":{"line":122,"column":16},"end":{"line":122,"column":68}}],"line":119}},"s":{"0":2,"1":2,"2":6,"3":6,"4":6,"5":6,"6":6,"7":6,"8":2,"9":1,"10":1,"11":1,"12":1,"13":1,"14":1,"15":1,"16":0,"17":0,"18":1,"19":1,"20":0,"21":1,"22":6,"23":0,"24":6,"25":2},"f":{"0":6,"1":2,"2":0},"b":{"0":[1,1],"1":[2,1],"2":[0,1],"3":[0,0],"4":[6,0],"5":[1,5],"6":[6,1],"7":[1,5]},"_coverageSchema":"1a1c01bbd47fc00a2c39e90264f33305004495a9","hash":"f7f87cbb1102fdd5e0cdf9f3d4340edbdd9ebabd"}
,"/Volumes/Kali-linux/dissertation2/Healthcare/src/screens/SignUpScreen.tsx": {"path":"/Volumes/Kali-linux/dissertation2/Healthcare/src/screens/SignUpScreen.tsx","statementMap":{"0":{"start":{"line":34,"column":24},"end":{"line":34,"column":48}},"1":{"start":{"line":36,"column":50},"end":{"line":326,"column":1}},"2":{"start":{"line":37,"column":25},"end":{"line":37,"column":34}},"3":{"start":{"line":38,"column":34},"end":{"line":49,"column":4}},"4":{"start":{"line":51,"column":30},"end":{"line":51,"column":67}},"5":{"start":{"line":52,"column":36},"end":{"line":52,"column":51}},"6":{"start":{"line":54,"column":32},"end":{"line":57,"column":3}},"7":{"start":{"line":55,"column":18},"end":{"line":55,"column":31}},"8":{"start":{"line":56,"column":4},"end":{"line":56,"column":29}},"9":{"start":{"line":59,"column":24},"end":{"line":62,"column":3}},"10":{"start":{"line":60,"column":23},"end":{"line":60,"column":51}},"11":{"start":{"line":61,"column":4},"end":{"line":61,"column":34}},"12":{"start":{"line":64,"column":27},"end":{"line":69,"column":3}},"13":{"start":{"line":65,"column":25},"end":{"line":65,"column":47}},"14":{"start":{"line":66,"column":22},"end":{"line":66,"column":41}},"15":{"start":{"line":67,"column":25},"end":{"line":67,"column":45}},"16":{"start":{"line":68,"column":4},"end":{"line":68,"column":53}},"17":{"start":{"line":71,"column":20},"end":{"line":83,"column":3}},"18":{"start":{"line":72,"column":20},"end":{"line":72,"column":43}},"19":{"start":{"line":73,"column":20},"end":{"line":73,"column":27}},"20":{"start":{"line":74,"column":4},"end":{"line":81,"column":5}},"21":{"start":{"line":75,"column":6},"end":{"line":78,"column":33}},"22":{"start":{"line":79,"column":11},"end":{"line":81,"column":5}},"23":{"start":{"line":80,"column":6},"end":{"line":80,"column":63}},"24":{"start":{"line":82,"column":4},"end":{"line":82,"column":47}},"25":{"start":{"line":85,"column":28},"end":{"line":92,"column":3}},"26":{"start":{"line":86,"column":4},"end":{"line":91,"column":5}},"27":{"start":{"line":87,"column":6},"end":{"line":87,"column":48}},"28":{"start":{"line":88,"column":6},"end":{"line":90,"column":7}},"29":{"start":{"line":89,"column":8},"end":{"line":89,"column":44}},"30":{"start":{"line":96,"column":23},"end":{"line":157,"column":3}},"31":{"start":{"line":97,"column":47},"end":{"line":97,"column":49}},"32":{"start":{"line":98,"column":4},"end":{"line":98,"column":23}},"33":{"start":{"line":99,"column":4},"end":{"line":99,"column":78}},"34":{"start":{"line":99,"column":30},"end":{"line":99,"column":77}},"35":{"start":{"line":100,"column":4},"end":{"line":100,"column":75}},"36":{"start":{"line":100,"column":29},"end":{"line":100,"column":74}},"37":{"start":{"line":101,"column":4},"end":{"line":102,"column":59}},"38":{"start":{"line":102,"column":7},"end":{"line":102,"column":58}},"39":{"start":{"line":103,"column":4},"end":{"line":109,"column":5}},"40":{"start":{"line":104,"column":6},"end":{"line":104,"column":46}},"41":{"start":{"line":105,"column":11},"end":{"line":109,"column":5}},"42":{"start":{"line":106,"column":6},"end":{"line":106,"column":57}},"43":{"start":{"line":107,"column":11},"end":{"line":109,"column":5}},"44":{"start":{"line":108,"column":6},"end":{"line":108,"column":57}},"45":{"start":{"line":110,"column":4},"end":{"line":116,"column":5}},"46":{"start":{"line":111,"column":6},"end":{"line":111,"column":46}},"47":{"start":{"line":112,"column":11},"end":{"line":116,"column":5}},"48":{"start":{"line":113,"column":6},"end":{"line":113,"column":57}},"49":{"start":{"line":114,"column":11},"end":{"line":116,"column":5}},"50":{"start":{"line":115,"column":6},"end":{"line":115,"column":57}},"51":{"start":{"line":117,"column":4},"end":{"line":119,"column":5}},"52":{"start":{"line":118,"column":6},"end":{"line":118,"column":47}},"53":{"start":{"line":120,"column":4},"end":{"line":122,"column":5}},"54":{"start":{"line":121,"column":6},"end":{"line":121,"column":80}},"55":{"start":{"line":123,"column":4},"end":{"line":125,"column":5}},"56":{"start":{"line":124,"column":6},"end":{"line":124,"column":57}},"57":{"start":{"line":126,"column":4},"end":{"line":126,"column":25}},"58":{"start":{"line":127,"column":4},"end":{"line":155,"column":5}},"59":{"start":{"line":128,"column":6},"end":{"line":154,"column":7}},"60":{"start":{"line":129,"column":26},"end":{"line":129,"column":69}},"61":{"start":{"line":130,"column":26},"end":{"line":130,"column":69}},"62":{"start":{"line":131,"column":25},"end":{"line":143,"column":10}},"63":{"start":{"line":144,"column":8},"end":{"line":151,"column":9}},"64":{"start":{"line":145,"column":23},"end":{"line":145,"column":44}},"65":{"start":{"line":146,"column":10},"end":{"line":146,"column":80}},"66":{"start":{"line":148,"column":10},"end":{"line":148,"column":60}},"67":{"start":{"line":149,"column":10},"end":{"line":149,"column":39}},"68":{"start":{"line":150,"column":10},"end":{"line":150,"column":42}},"69":{"start":{"line":153,"column":8},"end":{"line":153,"column":77}},"70":{"start":{"line":156,"column":4},"end":{"line":156,"column":24}},"71":{"start":{"line":159,"column":2},"end":{"line":325,"column":4}},"72":{"start":{"line":176,"column":18},"end":{"line":176,"column":61}},"73":{"start":{"line":191,"column":18},"end":{"line":191,"column":60}},"74":{"start":{"line":219,"column":40},"end":{"line":219,"column":73}},"75":{"start":{"line":240,"column":40},"end":{"line":240,"column":73}},"76":{"start":{"line":260,"column":38},"end":{"line":260,"column":77}},"77":{"start":{"line":277,"column":18},"end":{"line":277,"column":60}},"78":{"start":{"line":293,"column":18},"end":{"line":293,"column":67}},"79":{"start":{"line":315,"column":29},"end":{"line":315,"column":58}},"80":{"start":{"line":330,"column":15},"end":{"line":383,"column":2}}},"fnMap":{"0":{"name":"(anonymous_0)","decl":{"start":{"line":36,"column":50},"end":{"line":36,"column":51}},"loc":{"start":{"line":36,"column":68},"end":{"line":326,"column":1}},"line":36},"1":{"name":"(anonymous_1)","decl":{"start":{"line":54,"column":32},"end":{"line":54,"column":33}},"loc":{"start":{"line":54,"column":60},"end":{"line":57,"column":3}},"line":54},"2":{"name":"(anonymous_2)","decl":{"start":{"line":59,"column":24},"end":{"line":59,"column":25}},"loc":{"start":{"line":59,"column":43},"end":{"line":62,"column":3}},"line":59},"3":{"name":"(anonymous_3)","decl":{"start":{"line":64,"column":27},"end":{"line":64,"column":28}},"loc":{"start":{"line":64,"column":49},"end":{"line":69,"column":3}},"line":64},"4":{"name":"(anonymous_4)","decl":{"start":{"line":71,"column":20},"end":{"line":71,"column":21}},"loc":{"start":{"line":71,"column":38},"end":{"line":83,"column":3}},"line":71},"5":{"name":"(anonymous_5)","decl":{"start":{"line":85,"column":28},"end":{"line":85,"column":29}},"loc":{"start":{"line":85,"column":74},"end":{"line":92,"column":3}},"line":85},"6":{"name":"(anonymous_6)","decl":{"start":{"line":96,"column":23},"end":{"line":96,"column":24}},"loc":{"start":{"line":96,"column":35},"end":{"line":157,"column":3}},"line":96},"7":{"name":"(anonymous_7)","decl":{"start":{"line":175,"column":30},"end":{"line":175,"column":31}},"loc":{"start":{"line":176,"column":18},"end":{"line":176,"column":61}},"line":176},"8":{"name":"(anonymous_8)","decl":{"start":{"line":190,"column":30},"end":{"line":190,"column":31}},"loc":{"start":{"line":191,"column":18},"end":{"line":191,"column":60}},"line":191},"9":{"name":"(anonymous_9)","decl":{"start":{"line":219,"column":32},"end":{"line":219,"column":33}},"loc":{"start":{"line":219,"column":40},"end":{"line":219,"column":73}},"line":219},"10":{"name":"(anonymous_10)","decl":{"start":{"line":222,"column":69},"end":{"line":222,"column":70}},"loc":{"start":{"line":222,"column":75},"end":{"line":222,"column":77}},"line":222},"11":{"name":"(anonymous_11)","decl":{"start":{"line":240,"column":32},"end":{"line":240,"column":33}},"loc":{"start":{"line":240,"column":40},"end":{"line":240,"column":73}},"line":240},"12":{"name":"(anonymous_12)","decl":{"start":{"line":243,"column":69},"end":{"line":243,"column":70}},"loc":{"start":{"line":243,"column":75},"end":{"line":243,"column":77}},"line":243},"13":{"name":"(anonymous_13)","decl":{"start":{"line":260,"column":30},"end":{"line":260,"column":31}},"loc":{"start":{"line":260,"column":38},"end":{"line":260,"column":77}},"line":260},"14":{"name":"(anonymous_14)","decl":{"start":{"line":276,"column":30},"end":{"line":276,"column":31}},"loc":{"start":{"line":277,"column":18},"end":{"line":277,"column":60}},"line":277},"15":{"name":"(anonymous_15)","decl":{"start":{"line":292,"column":30},"end":{"line":292,"column":31}},"loc":{"start":{"line":293,"column":18},"end":{"line":293,"column":67}},"line":293},"16":{"name":"(anonymous_16)","decl":{"start":{"line":315,"column":23},"end":{"line":315,"column":24}},"loc":{"start":{"line":315,"column":29},"end":{"line":315,"column":58}},"line":315}},"branchMap":{"0":{"loc":{"start":{"line":68,"column":11},"end":{"line":68,"column":52}},"type":"binary-expr","locations":[{"start":{"line":68,"column":11},"end":{"line":68,"column":23}},{"start":{"line":68,"column":27},"end":{"line":68,"column":36}},{"start":{"line":68,"column":40},"end":{"line":68,"column":52}}],"line":68},"1":{"loc":{"start":{"line":74,"column":4},"end":{"line":81,"column":5}},"type":"if","locations":[{"start":{"line":74,"column":4},"end":{"line":81,"column":5}},{"start":{"line":79,"column":11},"end":{"line":81,"column":5}}],"line":74},"2":{"loc":{"start":{"line":79,"column":11},"end":{"line":81,"column":5}},"type":"if","locations":[{"start":{"line":79,"column":11},"end":{"line":81,"column":5}},{"start":{},"end":{}}],"line":79},"3":{"loc":{"start":{"line":86,"column":4},"end":{"line":91,"column":5}},"type":"if","locations":[{"start":{"line":86,"column":4},"end":{"line":91,"column":5}},{"start":{},"end":{}}],"line":86},"4":{"loc":{"start":{"line":86,"column":8},"end":{"line":86,"column":50}},"type":"binary-expr","locations":[{"start":{"line":86,"column":8},"end":{"line":86,"column":35}},{"start":{"line":86,"column":39},"end":{"line":86,"column":50}}],"line":86},"5":{"loc":{"start":{"line":88,"column":6},"end":{"line":90,"column":7}},"type":"if","locations":[{"start":{"line":88,"column":6},"end":{"line":90,"column":7}},{"start":{},"end":{}}],"line":88},"6":{"loc":{"start":{"line":99,"column":4},"end":{"line":99,"column":78}},"type":"if","locations":[{"start":{"line":99,"column":4},"end":{"line":99,"column":78}},{"start":{},"end":{}}],"line":99},"7":{"loc":{"start":{"line":100,"column":4},"end":{"line":100,"column":75}},"type":"if","locations":[{"start":{"line":100,"column":4},"end":{"line":100,"column":75}},{"start":{},"end":{}}],"line":100},"8":{"loc":{"start":{"line":101,"column":4},"end":{"line":102,"column":59}},"type":"if","locations":[{"start":{"line":101,"column":4},"end":{"line":102,"column":59}},{"start":{},"end":{}}],"line":101},"9":{"loc":{"start":{"line":101,"column":8},"end":{"line":101,"column":51}},"type":"binary-expr","locations":[{"start":{"line":101,"column":8},"end":{"line":101,"column":21}},{"start":{"line":101,"column":25},"end":{"line":101,"column":51}}],"line":101},"10":{"loc":{"start":{"line":103,"column":4},"end":{"line":109,"column":5}},"type":"if","locations":[{"start":{"line":103,"column":4},"end":{"line":109,"column":5}},{"start":{"line":105,"column":11},"end":{"line":109,"column":5}}],"line":103},"11":{"loc":{"start":{"line":105,"column":11},"end":{"line":109,"column":5}},"type":"if","locations":[{"start":{"line":105,"column":11},"end":{"line":109,"column":5}},{"start":{"line":107,"column":11},"end":{"line":109,"column":5}}],"line":105},"12":{"loc":{"start":{"line":107,"column":11},"end":{"line":109,"column":5}},"type":"if","locations":[{"start":{"line":107,"column":11},"end":{"line":109,"column":5}},{"start":{},"end":{}}],"line":107},"13":{"loc":{"start":{"line":110,"column":4},"end":{"line":116,"column":5}},"type":"if","locations":[{"start":{"line":110,"column":4},"end":{"line":116,"column":5}},{"start":{"line":112,"column":11},"end":{"line":116,"column":5}}],"line":110},"14":{"loc":{"start":{"line":112,"column":11},"end":{"line":116,"column":5}},"type":"if","locations":[{"start":{"line":112,"column":11},"end":{"line":116,"column":5}},{"start":{"line":114,"column":11},"end":{"line":116,"column":5}}],"line":112},"15":{"loc":{"start":{"line":114,"column":11},"end":{"line":116,"column":5}},"type":"if","locations":[{"start":{"line":114,"column":11},"end":{"line":116,"column":5}},{"start":{},"end":{}}],"line":114},"16":{"loc":{"start":{"line":117,"column":4},"end":{"line":119,"column":5}},"type":"if","locations":[{"start":{"line":117,"column":4},"end":{"line":119,"column":5}},{"start":{},"end":{}}],"line":117},"17":{"loc":{"start":{"line":120,"column":4},"end":{"line":122,"column":5}},"type":"if","locations":[{"start":{"line":120,"column":4},"end":{"line":122,"column":5}},{"start":{},"end":{}}],"line":120},"18":{"loc":{"start":{"line":123,"column":4},"end":{"line":125,"column":5}},"type":"if","locations":[{"start":{"line":123,"column":4},"end":{"line":125,"column":5}},{"start":{},"end":{}}],"line":123},"19":{"loc":{"start":{"line":127,"column":4},"end":{"line":155,"column":5}},"type":"if","locations":[{"start":{"line":127,"column":4},"end":{"line":155,"column":5}},{"start":{},"end":{}}],"line":127},"20":{"loc":{"start":{"line":144,"column":8},"end":{"line":151,"column":9}},"type":"if","locations":[{"start":{"line":144,"column":8},"end":{"line":151,"column":9}},{"start":{"line":147,"column":15},"end":{"line":151,"column":9}}],"line":144},"21":{"loc":{"start":{"line":146,"column":43},"end":{"line":146,"column":77}},"type":"binary-expr","locations":[{"start":{"line":146,"column":43},"end":{"line":146,"column":54}},{"start":{"line":146,"column":58},"end":{"line":146,"column":77}}],"line":146},"22":{"loc":{"start":{"line":162,"column":18},"end":{"line":162,"column":62}},"type":"cond-expr","locations":[{"start":{"line":162,"column":42},"end":{"line":162,"column":51}},{"start":{"line":162,"column":54},"end":{"line":162,"column":62}}],"line":162},"23":{"loc":{"start":{"line":179,"column":15},"end":{"line":181,"column":15}},"type":"binary-expr","locations":[{"start":{"line":179,"column":15},"end":{"line":179,"column":31}},{"start":{"line":180,"column":16},"end":{"line":180,"column":72}}],"line":179},"24":{"loc":{"start":{"line":194,"column":15},"end":{"line":196,"column":15}},"type":"binary-expr","locations":[{"start":{"line":194,"column":15},"end":{"line":194,"column":30}},{"start":{"line":195,"column":16},"end":{"line":195,"column":71}}],"line":194},"25":{"loc":{"start":{"line":209,"column":15},"end":{"line":209,"column":79}},"type":"binary-expr","locations":[{"start":{"line":209,"column":15},"end":{"line":209,"column":25}},{"start":{"line":209,"column":29},"end":{"line":209,"column":79}}],"line":209},"26":{"loc":{"start":{"line":228,"column":15},"end":{"line":230,"column":15}},"type":"binary-expr","locations":[{"start":{"line":228,"column":15},"end":{"line":228,"column":28}},{"start":{"line":229,"column":16},"end":{"line":229,"column":69}}],"line":228},"27":{"loc":{"start":{"line":249,"column":15},"end":{"line":251,"column":15}},"type":"binary-expr","locations":[{"start":{"line":249,"column":15},"end":{"line":249,"column":28}},{"start":{"line":250,"column":16},"end":{"line":250,"column":69}}],"line":249},"28":{"loc":{"start":{"line":264,"column":15},"end":{"line":266,"column":15}},"type":"binary-expr","locations":[{"start":{"line":264,"column":15},"end":{"line":264,"column":27}},{"start":{"line":265,"column":16},"end":{"line":265,"column":68}}],"line":264},"29":{"loc":{"start":{"line":280,"column":15},"end":{"line":282,"column":15}},"type":"binary-expr","locations":[{"start":{"line":280,"column":15},"end":{"line":280,"column":30}},{"start":{"line":281,"column":16},"end":{"line":281,"column":71}}],"line":280},"30":{"loc":{"start":{"line":296,"column":15},"end":{"line":298,"column":15}},"type":"binary-expr","locations":[{"start":{"line":296,"column":15},"end":{"line":296,"column":37}},{"start":{"line":297,"column":16},"end":{"line":297,"column":78}}],"line":296},"31":{"loc":{"start":{"line":300,"column":13},"end":{"line":302,"column":13}},"type":"binary-expr","locations":[{"start":{"line":300,"column":13},"end":{"line":300,"column":26}},{"start":{"line":301,"column":14},"end":{"line":301,"column":67}}],"line":300},"32":{"loc":{"start":{"line":304,"column":43},"end":{"line":304,"column":77}},"type":"binary-expr","locations":[{"start":{"line":304,"column":43},"end":{"line":304,"column":52}},{"start":{"line":304,"column":56},"end":{"line":304,"column":77}}],"line":304},"33":{"loc":{"start":{"line":307,"column":15},"end":{"line":311,"column":15}},"type":"cond-expr","locations":[{"start":{"line":308,"column":16},"end":{"line":308,"column":53}},{"start":{"line":310,"column":16},"end":{"line":310,"column":68}}],"line":307}},"s":{"0":2,"1":2,"2":12,"3":12,"4":12,"5":12,"6":12,"7":4,"8":4,"9":12,"10":2,"11":2,"12":12,"13":2,"14":2,"15":2,"16":2,"17":12,"18":1,"19":1,"20":1,"21":1,"22":0,"23":0,"24":1,"25":12,"26":2,"27":2,"28":2,"29":0,"30":12,"31":2,"32":2,"33":2,"34":1,"35":2,"36":1,"37":2,"38":1,"39":2,"40":1,"41":1,"42":0,"43":1,"44":0,"45":2,"46":1,"47":1,"48":0,"49":1,"50":0,"51":2,"52":1,"53":2,"54":1,"55":2,"56":0,"57":2,"58":2,"59":1,"60":1,"61":1,"62":1,"63":1,"64":0,"65":0,"66":1,"67":1,"68":1,"69":0,"70":2,"71":12,"72":1,"73":1,"74":1,"75":1,"76":1,"77":1,"78":1,"79":0,"80":2},"f":{"0":12,"1":4,"2":2,"3":2,"4":1,"5":2,"6":2,"7":1,"8":1,"9":1,"10":0,"11":1,"12":0,"13":1,"14":1,"15":1,"16":0},"b":{"0":[2,1,1],"1":[1,0],"2":[0,0],"3":[2,0],"4":[2,0],"5":[0,2],"6":[1,1],"7":[1,1],"8":[1,1],"9":[2,1],"10":[1,1],"11":[0,1],"12":[0,1],"13":[1,1],"14":[0,1],"15":[0,1],"16":[1,1],"17":[1,1],"18":[0,2],"19":[1,1],"20":[0,1],"21":[0,0],"22":[12,0],"23":[12,1],"24":[12,1],"25":[12,1],"26":[12,1],"27":[12,1],"28":[12,1],"29":[12,1],"30":[12,0],"31":[12,0],"32":[12,1],"33":[1,11]},"_coverageSchema":"1a1c01bbd47fc00a2c39e90264f33305004495a9","hash":"384aab3ea0cd08493207f8cd5c3521f249466202"}
}
