TN:
SF:App.tsx
FN:15,(anonymous_0)
FNF:1
FNH:1
FNDA:1,(anonymous_0)
DA:13,1
DA:15,1
DA:16,1
LF:3
LH:3
BRF:0
BRH:0
end_of_record
TN:
SF:src/context/AuthContext.tsx
FN:10,(anonymous_0)
FN:13,AuthProvider
FN:23,useAuth
FNF:3
FNH:2
FNDA:0,(anonymous_0)
FNDA:5,AuthProvider
FNDA:18,useAuth
DA:8,3
DA:14,5
DA:16,5
DA:24,18
LF:4
LH:4
BRF:0
BRH:0
end_of_record
TN:
SF:src/screens/DashboardScreen.tsx
FN:44,(anonymous_0)
FN:54,(anonymous_1)
FN:65,(anonymous_2)
FN:71,(anonymous_3)
FN:83,(anonymous_4)
FN:94,(anonymous_5)
FN:99,(anonymous_6)
FN:105,(anonymous_7)
FN:125,(anonymous_8)
FN:126,(anonymous_9)
FN:159,(anonymous_10)
FN:188,(anonymous_11)
FNF:12
FNH:5
FNDA:5,(anonymous_0)
FNDA:0,(anonymous_1)
FNDA:0,(anonymous_2)
FNDA:0,(anonymous_3)
FNDA:0,(anonymous_4)
FNDA:0,(anonymous_5)
FNDA:2,(anonymous_6)
FNDA:1,(anonymous_7)
FNDA:0,(anonymous_8)
FNDA:1,(anonymous_9)
FNDA:0,(anonymous_10)
FNDA:5,(anonymous_11)
DA:41,2
DA:42,2
DA:44,2
DA:45,5
DA:46,5
DA:47,5
DA:48,5
DA:51,5
DA:52,5
DA:54,5
DA:55,0
DA:56,0
DA:57,0
DA:65,5
DA:66,0
DA:71,0
DA:74,5
DA:78,5
DA:83,5
DA:84,0
DA:85,0
DA:86,0
DA:88,0
DA:90,0
DA:94,5
DA:95,0
DA:96,0
DA:99,5
DA:100,2
DA:101,1
DA:102,1
DA:104,1
DA:105,1
DA:106,1
DA:112,1
DA:113,1
DA:114,1
DA:115,1
DA:120,1
DA:121,0
DA:123,1
DA:124,1
DA:125,1
DA:126,1
DA:127,1
DA:130,0
DA:134,5
DA:160,0
DA:161,0
DA:189,5
DA:230,2
LF:51
LH:35
BRDA:55,0,0,0
BRDA:55,0,1,0
BRDA:100,1,0,1
BRDA:100,1,1,1
BRDA:106,2,0,1
BRDA:106,2,1,0
BRDA:106,3,0,1
BRDA:106,3,1,1
BRDA:106,3,2,1
BRDA:120,4,0,0
BRDA:120,4,1,1
BRDA:151,5,0,0
BRDA:151,5,1,5
BRDA:176,6,0,0
BRDA:176,6,1,5
BRDA:193,7,0,1
BRDA:193,7,1,4
BRDA:197,8,0,1
BRDA:197,8,1,4
BRDA:234,9,0,2
BRDA:234,9,1,0
BRDA:254,10,0,2
BRDA:254,10,1,0
BRDA:292,11,0,2
BRDA:292,11,1,0
BRF:25
BRH:16
end_of_record
TN:
SF:src/screens/HistoryScreen.tsx
FN:38,(anonymous_0)
FN:42,(anonymous_1)
FN:58,(anonymous_2)
FN:62,(anonymous_3)
FN:76,(anonymous_4)
FN:97,(anonymous_5)
FN:109,(anonymous_6)
FN:115,(anonymous_7)
FN:118,(anonymous_8)
FNF:9
FNH:3
FNDA:4,(anonymous_0)
FNDA:2,(anonymous_1)
FNDA:2,(anonymous_2)
FNDA:0,(anonymous_3)
FNDA:0,(anonymous_4)
FNDA:0,(anonymous_5)
FNDA:0,(anonymous_6)
FNDA:0,(anonymous_7)
FNDA:0,(anonymous_8)
DA:36,2
DA:38,2
DA:39,4
DA:40,4
DA:42,4
DA:43,2
DA:44,2
DA:45,2
DA:46,2
DA:47,0
DA:49,2
DA:50,2
DA:52,0
DA:54,2
DA:58,4
DA:59,2
DA:62,4
DA:63,0
DA:64,0
DA:67,0
DA:68,0
DA:70,0
DA:72,0
DA:76,4
DA:77,0
DA:78,0
DA:83,0
DA:84,0
DA:86,0
DA:88,0
DA:92,4
DA:97,0
DA:110,0
DA:115,0
DA:118,0
DA:132,2
LF:36
LH:18
BRDA:46,0,0,0
BRDA:46,0,1,2
BRDA:67,1,0,0
BRDA:67,1,1,0
BRDA:83,2,0,0
BRDA:83,2,1,0
BRDA:105,3,0,2
BRDA:105,3,1,2
BRDA:139,4,0,2
BRDA:139,4,1,0
BRF:10
BRH:4
end_of_record
TN:
SF:src/screens/IntroScreen.tsx
FN:28,(anonymous_0)
FN:33,(anonymous_1)
FN:60,(anonymous_2)
FNF:3
FNH:3
FNDA:2,(anonymous_0)
FNDA:1,(anonymous_1)
FNDA:1,(anonymous_2)
DA:26,2
DA:28,2
DA:29,2
DA:30,2
DA:31,2
DA:33,2
DA:34,1
DA:61,1
DA:65,2
DA:89,2
LF:10
LH:10
BRF:0
BRH:0
end_of_record
TN:
SF:src/screens/ProfileScreen.tsx
FN:43,(anonymous_0)
FN:50,(anonymous_1)
FN:72,(anonymous_2)
FN:77,(anonymous_3)
FN:87,(anonymous_4)
FN:100,(anonymous_5)
FN:104,(anonymous_6)
FN:135,(anonymous_7)
FN:140,(anonymous_8)
FN:189,(anonymous_9)
FN:193,(anonymous_10)
FN:199,(anonymous_11)
FN:205,(anonymous_12)
FN:211,(anonymous_13)
FN:217,(anonymous_14)
FNF:15
FNH:3
FNDA:4,(anonymous_0)
FNDA:2,(anonymous_1)
FNDA:2,(anonymous_2)
FNDA:0,(anonymous_3)
FNDA:0,(anonymous_4)
FNDA:0,(anonymous_5)
FNDA:0,(anonymous_6)
FNDA:0,(anonymous_7)
FNDA:0,(anonymous_8)
FNDA:0,(anonymous_9)
FNDA:0,(anonymous_10)
FNDA:0,(anonymous_11)
FNDA:0,(anonymous_12)
FNDA:0,(anonymous_13)
FNDA:0,(anonymous_14)
DA:41,2
DA:43,2
DA:44,4
DA:45,4
DA:46,4
DA:47,4
DA:48,4
DA:50,4
DA:51,2
DA:52,0
DA:53,0
DA:55,2
DA:56,2
DA:57,2
DA:58,2
DA:59,1
DA:60,1
DA:62,1
DA:63,1
DA:64,1
DA:66,1
DA:68,2
DA:72,4
DA:73,2
DA:77,4
DA:78,0
DA:79,0
DA:88,0
DA:89,0
DA:90,0
DA:96,0
DA:100,4
DA:101,0
DA:104,4
DA:105,0
DA:106,0
DA:108,0
DA:109,0
DA:110,0
DA:121,0
DA:122,0
DA:123,0
DA:125,0
DA:126,0
DA:127,0
DA:129,0
DA:131,0
DA:135,4
DA:136,0
DA:137,0
DA:140,4
DA:146,0
DA:163,4
DA:164,4
DA:173,0
DA:193,0
DA:199,0
DA:205,0
DA:211,0
DA:217,0
DA:246,2
LF:61
LH:30
BRDA:51,0,0,0
BRDA:51,0,1,2
BRDA:58,1,0,1
BRDA:58,1,1,1
BRDA:60,2,0,1
BRDA:60,2,1,0
BRDA:78,3,0,0
BRDA:78,3,1,0
BRDA:105,4,0,0
BRDA:105,4,1,0
BRDA:105,5,0,0
BRDA:105,5,1,0
BRDA:114,6,0,0
BRDA:114,6,1,0
BRDA:115,7,0,0
BRDA:115,7,1,0
BRDA:116,8,0,0
BRDA:116,8,1,0
BRDA:117,9,0,0
BRDA:117,9,1,0
BRDA:118,10,0,0
BRDA:118,10,1,0
BRDA:121,11,0,0
BRDA:121,11,1,0
BRDA:123,12,0,0
BRDA:123,12,1,0
BRDA:149,13,0,0
BRDA:149,13,1,0
BRDA:152,14,0,0
BRDA:152,14,1,0
BRDA:157,15,0,0
BRDA:157,15,1,0
BRDA:163,16,0,4
BRDA:163,16,1,0
BRDA:163,17,0,4
BRDA:163,17,1,0
BRDA:167,18,0,2
BRDA:167,18,1,2
BRDA:180,19,0,0
BRDA:180,19,1,0
BRDA:185,20,0,0
BRDA:185,20,1,0
BRDA:221,21,0,0
BRDA:221,21,1,0
BRDA:227,22,0,0
BRDA:227,22,1,0
BRDA:253,23,0,2
BRDA:253,23,1,0
BRF:48
BRH:9
end_of_record
TN:
SF:src/screens/SignInScreen.tsx
FN:35,(anonymous_0)
FN:42,(anonymous_1)
FN:73,(anonymous_2)
FNF:3
FNH:2
FNDA:6,(anonymous_0)
FNDA:2,(anonymous_1)
FNDA:0,(anonymous_2)
DA:33,2
DA:35,2
DA:36,6
DA:37,6
DA:38,6
DA:39,6
DA:40,6
DA:42,6
DA:43,2
DA:44,1
DA:45,1
DA:48,1
DA:49,1
DA:51,1
DA:52,1
DA:58,1
DA:59,0
DA:60,0
DA:63,1
DA:64,1
DA:67,0
DA:69,1
DA:73,6
DA:74,0
DA:77,6
DA:139,2
LF:26
LH:22
BRDA:43,0,0,1
BRDA:43,0,1,1
BRDA:43,1,0,2
BRDA:43,1,1,1
BRDA:58,2,0,0
BRDA:58,2,1,1
BRDA:60,3,0,0
BRDA:60,3,1,0
BRDA:80,4,0,6
BRDA:80,4,1,0
BRDA:113,5,0,1
BRDA:113,5,1,5
BRDA:116,6,0,6
BRDA:116,6,1,1
BRDA:119,7,0,1
BRDA:119,7,1,5
BRF:16
BRH:12
end_of_record
TN:
SF:src/screens/SignUpScreen.tsx
FN:36,(anonymous_0)
FN:54,(anonymous_1)
FN:59,(anonymous_2)
FN:64,(anonymous_3)
FN:71,(anonymous_4)
FN:85,(anonymous_5)
FN:96,(anonymous_6)
FN:175,(anonymous_7)
FN:190,(anonymous_8)
FN:219,(anonymous_9)
FN:222,(anonymous_10)
FN:240,(anonymous_11)
FN:243,(anonymous_12)
FN:260,(anonymous_13)
FN:276,(anonymous_14)
FN:292,(anonymous_15)
FN:315,(anonymous_16)
FNF:17
FNH:14
FNDA:12,(anonymous_0)
FNDA:4,(anonymous_1)
FNDA:2,(anonymous_2)
FNDA:2,(anonymous_3)
FNDA:1,(anonymous_4)
FNDA:2,(anonymous_5)
FNDA:2,(anonymous_6)
FNDA:1,(anonymous_7)
FNDA:1,(anonymous_8)
FNDA:1,(anonymous_9)
FNDA:0,(anonymous_10)
FNDA:1,(anonymous_11)
FNDA:0,(anonymous_12)
FNDA:1,(anonymous_13)
FNDA:1,(anonymous_14)
FNDA:1,(anonymous_15)
FNDA:0,(anonymous_16)
DA:34,2
DA:36,2
DA:37,12
DA:38,12
DA:51,12
DA:52,12
DA:54,12
DA:55,4
DA:56,4
DA:59,12
DA:60,2
DA:61,2
DA:64,12
DA:65,2
DA:66,2
DA:67,2
DA:68,2
DA:71,12
DA:72,1
DA:73,1
DA:74,1
DA:75,1
DA:79,0
DA:80,0
DA:82,1
DA:85,12
DA:86,2
DA:87,2
DA:88,2
DA:89,0
DA:96,12
DA:97,2
DA:98,2
DA:99,2
DA:100,2
DA:101,2
DA:102,1
DA:103,2
DA:104,1
DA:105,1
DA:106,0
DA:107,1
DA:108,0
DA:110,2
DA:111,1
DA:112,1
DA:113,0
DA:114,1
DA:115,0
DA:117,2
DA:118,1
DA:120,2
DA:121,1
DA:123,2
DA:124,0
DA:126,2
DA:127,2
DA:128,1
DA:129,1
DA:130,1
DA:131,1
DA:144,1
DA:145,0
DA:146,0
DA:148,1
DA:149,1
DA:150,1
DA:153,0
DA:156,2
DA:159,12
DA:176,1
DA:191,1
DA:219,1
DA:240,1
DA:260,1
DA:277,1
DA:293,1
DA:315,0
DA:330,2
LF:79
LH:67
BRDA:68,0,0,2
BRDA:68,0,1,1
BRDA:68,0,2,1
BRDA:74,1,0,1
BRDA:74,1,1,0
BRDA:79,2,0,0
BRDA:79,2,1,0
BRDA:86,3,0,2
BRDA:86,3,1,0
BRDA:86,4,0,2
BRDA:86,4,1,0
BRDA:88,5,0,0
BRDA:88,5,1,2
BRDA:99,6,0,1
BRDA:99,6,1,1
BRDA:100,7,0,1
BRDA:100,7,1,1
BRDA:101,8,0,1
BRDA:101,8,1,1
BRDA:101,9,0,2
BRDA:101,9,1,1
BRDA:103,10,0,1
BRDA:103,10,1,1
BRDA:105,11,0,0
BRDA:105,11,1,1
BRDA:107,12,0,0
BRDA:107,12,1,1
BRDA:110,13,0,1
BRDA:110,13,1,1
BRDA:112,14,0,0
BRDA:112,14,1,1
BRDA:114,15,0,0
BRDA:114,15,1,1
BRDA:117,16,0,1
BRDA:117,16,1,1
BRDA:120,17,0,1
BRDA:120,17,1,1
BRDA:123,18,0,0
BRDA:123,18,1,2
BRDA:127,19,0,1
BRDA:127,19,1,1
BRDA:144,20,0,0
BRDA:144,20,1,1
BRDA:146,21,0,0
BRDA:146,21,1,0
BRDA:162,22,0,12
BRDA:162,22,1,0
BRDA:179,23,0,12
BRDA:179,23,1,1
BRDA:194,24,0,12
BRDA:194,24,1,1
BRDA:209,25,0,12
BRDA:209,25,1,1
BRDA:228,26,0,12
BRDA:228,26,1,1
BRDA:249,27,0,12
BRDA:249,27,1,1
BRDA:264,28,0,12
BRDA:264,28,1,1
BRDA:280,29,0,12
BRDA:280,29,1,1
BRDA:296,30,0,12
BRDA:296,30,1,0
BRDA:300,31,0,12
BRDA:300,31,1,0
BRDA:304,32,0,12
BRDA:304,32,1,1
BRDA:307,33,0,1
BRDA:307,33,1,11
BRF:69
BRH:52
end_of_record
